<!doctype html>
<html lang="en"><head><meta charSet="utf-8"/><meta http-equiv="X-UA-Compatible" content="IE=edge"/><meta name="viewport" content="width=device-width, initial-scale=1"/><title>Mochawesome Report</title><link rel="stylesheet" href="assets\app.css"/></head><body data-raw="{&quot;stats&quot;:{&quot;suites&quot;:1,&quot;tests&quot;:3,&quot;passes&quot;:1,&quot;pending&quot;:0,&quot;failures&quot;:2,&quot;start&quot;:&quot;2022-04-08T14:39:52.003Z&quot;,&quot;end&quot;:&quot;2022-04-08T14:40:52.659Z&quot;,&quot;duration&quot;:60656,&quot;testsRegistered&quot;:3,&quot;passPercent&quot;:33.33333333333333,&quot;pendingPercent&quot;:0,&quot;other&quot;:0,&quot;hasOther&quot;:false,&quot;skipped&quot;:0,&quot;hasSkipped&quot;:false},&quot;results&quot;:[{&quot;uuid&quot;:&quot;b28912fc-42eb-4b9f-9897-163de4ff488f&quot;,&quot;title&quot;:&quot;&quot;,&quot;fullFile&quot;:&quot;C:\\Users\\user\\Desktop\\Dufuna-CodeCamp-21\\tests\\Dom\\dom.js&quot;,&quot;file&quot;:&quot;\\dom.js&quot;,&quot;beforeHooks&quot;:[],&quot;afterHooks&quot;:[],&quot;tests&quot;:[],&quot;suites&quot;:[{&quot;uuid&quot;:&quot;102161fe-5096-4981-bb4e-d4d1f8cff7fe&quot;,&quot;title&quot;:&quot;Testing Scholars Project&quot;,&quot;fullFile&quot;:&quot;C:\\Users\\user\\Desktop\\Dufuna-CodeCamp-21\\tests\\Dom\\dom.js&quot;,&quot;file&quot;:&quot;\\dom.js&quot;,&quot;beforeHooks&quot;:[{&quot;title&quot;:&quot;\&quot;before all\&quot; hook: setupWebdriver in \&quot;Testing Scholars Project\&quot;&quot;,&quot;fullTitle&quot;:&quot;Testing Scholars Project \&quot;before all\&quot; hook: setupWebdriver in \&quot;Testing Scholars Project\&quot;&quot;,&quot;timedOut&quot;:false,&quot;duration&quot;:59080,&quot;pass&quot;:false,&quot;fail&quot;:false,&quot;pending&quot;:false,&quot;code&quot;:&quot;var file_url = `file://${file_path}`;\ndriver.get(file_url).then(done);&quot;,&quot;err&quot;:{},&quot;uuid&quot;:&quot;0a1eaffe-a500-4f23-9191-04b413a38bed&quot;,&quot;parentUUID&quot;:&quot;102161fe-5096-4981-bb4e-d4d1f8cff7fe&quot;,&quot;isHook&quot;:true,&quot;skipped&quot;:false}],&quot;afterHooks&quot;:[{&quot;title&quot;:&quot;\&quot;after all\&quot; hook in \&quot;Testing Scholars Project\&quot;&quot;,&quot;fullTitle&quot;:&quot;Testing Scholars Project \&quot;after all\&quot; hook in \&quot;Testing Scholars Project\&quot;&quot;,&quot;timedOut&quot;:false,&quot;duration&quot;:1,&quot;pass&quot;:false,&quot;fail&quot;:false,&quot;pending&quot;:false,&quot;code&quot;:&quot;driver.quit();&quot;,&quot;err&quot;:{},&quot;uuid&quot;:&quot;cb84ba49-5ce6-43a8-b359-a1349dc8ff38&quot;,&quot;parentUUID&quot;:&quot;102161fe-5096-4981-bb4e-d4d1f8cff7fe&quot;,&quot;isHook&quot;:true,&quot;skipped&quot;:false}],&quot;tests&quot;:[{&quot;title&quot;:&quot;test case: check dropdown&quot;,&quot;fullTitle&quot;:&quot;Testing Scholars Project test case: check dropdown&quot;,&quot;timedOut&quot;:false,&quot;duration&quot;:223,&quot;state&quot;:&quot;failed&quot;,&quot;pass&quot;:false,&quot;fail&quot;:true,&quot;pending&quot;:false,&quot;code&quot;:&quot;const element = await driver.findElement(By.css(\&quot;select\&quot;)).isDisplayed();\nassert(element == true)&quot;,&quot;err&quot;:{&quot;message&quot;:&quot;NoSuchElementError: no such element: Unable to locate element: {\&quot;method\&quot;:\&quot;css selector\&quot;,\&quot;selector\&quot;:\&quot;select\&quot;}\n  (Session info: chrome=100.0.4896.75)&quot;,&quot;estack&quot;:&quot;NoSuchElementError: no such element: Unable to locate element: {\&quot;method\&quot;:\&quot;css selector\&quot;,\&quot;selector\&quot;:\&quot;select\&quot;}\n  (Session info: chrome=100.0.4896.75)\n    at Object.throwDecodedError (C:\\Users\\user\\Desktop\\Dufuna-CodeCamp-21\\tests\\node_modules\\selenium-webdriver\\lib\\error.js:522:15)\n    at parseHttpResponse (C:\\Users\\user\\Desktop\\Dufuna-CodeCamp-21\\tests\\node_modules\\selenium-webdriver\\lib\\http.js:548:13)\n    at Executor.execute (C:\\Users\\user\\Desktop\\Dufuna-CodeCamp-21\\tests\\node_modules\\selenium-webdriver\\lib\\http.js:474:28)\n    at processTicksAndRejections (node:internal/process/task_queues:96:5)\n    at async thenableWebDriverProxy.execute (C:\\Users\\user\\Desktop\\Dufuna-CodeCamp-21\\tests\\node_modules\\selenium-webdriver\\lib\\webdriver.js:735:17)\n    at async toWireValue (C:\\Users\\user\\Desktop\\Dufuna-CodeCamp-21\\tests\\node_modules\\selenium-webdriver\\lib\\webdriver.js:140:15)\n    at async C:\\Users\\user\\Desktop\\Dufuna-CodeCamp-21\\tests\\node_modules\\selenium-webdriver\\lib\\webdriver.js:190:16\n    at async forEachKey (C:\\Users\\user\\Desktop\\Dufuna-CodeCamp-21\\tests\\node_modules\\selenium-webdriver\\lib\\webdriver.js:184:9)\n    at async convertKeys (C:\\Users\\user\\Desktop\\Dufuna-CodeCamp-21\\tests\\node_modules\\selenium-webdriver\\lib\\webdriver.js:189:3)\n    at async thenableWebDriverProxy.execute (C:\\Users\\user\\Desktop\\Dufuna-CodeCamp-21\\tests\\node_modules\\selenium-webdriver\\lib\\webdriver.js:733:22)\n    at async Context.&lt;anonymous&gt; (dom.js:24:25)&quot;},&quot;uuid&quot;:&quot;4918785d-1701-4326-8341-1cf28decfe68&quot;,&quot;parentUUID&quot;:&quot;102161fe-5096-4981-bb4e-d4d1f8cff7fe&quot;,&quot;isHook&quot;:false,&quot;skipped&quot;:false},{&quot;title&quot;:&quot;test case: check options in dropdown&quot;,&quot;fullTitle&quot;:&quot;Testing Scholars Project test case: check options in dropdown&quot;,&quot;timedOut&quot;:false,&quot;duration&quot;:872,&quot;state&quot;:&quot;failed&quot;,&quot;pass&quot;:false,&quot;fail&quot;:true,&quot;pending&quot;:false,&quot;code&quot;:&quot;driver.findElement(By.css(\&quot;select\&quot;)).click();\nconst option = await driver.findElement(By.css(\&quot;option\&quot;)).isDisplayed();\nassert(option == true)&quot;,&quot;err&quot;:{&quot;message&quot;:&quot;AssertionError: Unspecified AssertionError&quot;,&quot;estack&quot;:&quot;AssertionError: Unspecified AssertionError\n    at Context.&lt;anonymous&gt; (dom.js:31:9)\n    at processTicksAndRejections (node:internal/process/task_queues:96:5)&quot;},&quot;uuid&quot;:&quot;df9d25a0-f697-4306-92f8-a0a598da81f9&quot;,&quot;parentUUID&quot;:&quot;102161fe-5096-4981-bb4e-d4d1f8cff7fe&quot;,&quot;isHook&quot;:false,&quot;skipped&quot;:false},{&quot;title&quot;:&quot;test case: check options in dropdown&quot;,&quot;fullTitle&quot;:&quot;Testing Scholars Project test case: check options in dropdown&quot;,&quot;timedOut&quot;:false,&quot;duration&quot;:125,&quot;state&quot;:&quot;passed&quot;,&quot;speed&quot;:&quot;slow&quot;,&quot;pass&quot;:true,&quot;fail&quot;:false,&quot;pending&quot;:false,&quot;code&quot;:&quot;driver.findElement(By.css(\&quot;select\&quot;)).click();\nconst options = await driver.findElements(By.css(\&quot;option\&quot;));\nconst first_option = options[1];\noptions.forEach(option =&gt; validateImage(option, first_option));\nasync function validateImage(item, arr) {\n    arr = item.click();\n    const images = await driver.findElements(By.css(\&quot;img\&quot;));\n    const validate = images.length\n    assert.equal(validate, 10, `Ensure the images change when you click on any option`)\n}&quot;,&quot;err&quot;:{},&quot;uuid&quot;:&quot;7cbef846-dec1-40c7-a2e7-0ffa24757183&quot;,&quot;parentUUID&quot;:&quot;102161fe-5096-4981-bb4e-d4d1f8cff7fe&quot;,&quot;isHook&quot;:false,&quot;skipped&quot;:false}],&quot;suites&quot;:[],&quot;passes&quot;:[&quot;7cbef846-dec1-40c7-a2e7-0ffa24757183&quot;],&quot;failures&quot;:[&quot;4918785d-1701-4326-8341-1cf28decfe68&quot;,&quot;df9d25a0-f697-4306-92f8-a0a598da81f9&quot;],&quot;pending&quot;:[],&quot;skipped&quot;:[],&quot;duration&quot;:1220,&quot;root&quot;:false,&quot;rootEmpty&quot;:false,&quot;_timeout&quot;:180000}],&quot;passes&quot;:[],&quot;failures&quot;:[],&quot;pending&quot;:[],&quot;skipped&quot;:[],&quot;duration&quot;:0,&quot;root&quot;:true,&quot;rootEmpty&quot;:true,&quot;_timeout&quot;:2000}],&quot;meta&quot;:{&quot;mocha&quot;:{&quot;version&quot;:&quot;9.2.2&quot;},&quot;mochawesome&quot;:{&quot;options&quot;:{&quot;quiet&quot;:true,&quot;reportFilename&quot;:&quot;logfile&quot;,&quot;saveHtml&quot;:true,&quot;saveJson&quot;:true,&quot;consoleReporter&quot;:&quot;spec&quot;,&quot;useInlineDiffs&quot;:false,&quot;code&quot;:true},&quot;version&quot;:&quot;7.1.2&quot;},&quot;marge&quot;:{&quot;options&quot;:{&quot;reportDir&quot;:&quot;C:/Users/user/Desktop/Dufuna-CodeCamp-21/tests/Dom/../..//tests/&quot;,&quot;reportFilename&quot;:&quot;logfile&quot;,&quot;quiet&quot;:&quot;true&quot;},&quot;version&quot;:&quot;6.1.1&quot;}}}" data-config="{&quot;reportFilename&quot;:&quot;logfile&quot;,&quot;reportDir&quot;:&quot;C:/Users/user/Desktop/Dufuna-CodeCamp-21/tests/Dom/../..//tests/&quot;,&quot;reportTitle&quot;:&quot;Dom&quot;,&quot;reportPageTitle&quot;:&quot;Mochawesome Report&quot;,&quot;inline&quot;:false,&quot;inlineAssets&quot;:false,&quot;cdn&quot;:false,&quot;charts&quot;:false,&quot;enableCharts&quot;:false,&quot;code&quot;:true,&quot;enableCode&quot;:true,&quot;autoOpen&quot;:false,&quot;overwrite&quot;:true,&quot;timestamp&quot;:false,&quot;ts&quot;:false,&quot;showPassed&quot;:true,&quot;showFailed&quot;:true,&quot;showPending&quot;:true,&quot;showSkipped&quot;:false,&quot;showHooks&quot;:&quot;failed&quot;,&quot;saveJson&quot;:true,&quot;saveHtml&quot;:true,&quot;dev&quot;:false,&quot;assetsDir&quot;:&quot;C:\\Users\\user\\Desktop\\Dufuna-CodeCamp-21\\tests\\assets&quot;,&quot;jsonFile&quot;:&quot;C:\\Users\\user\\Desktop\\Dufuna-CodeCamp-21\\tests\\logfile.json&quot;,&quot;htmlFile&quot;:&quot;C:\\Users\\user\\Desktop\\Dufuna-CodeCamp-21\\tests\\logfile.html&quot;}"><div id="report"></div><script src="assets\app.js"></script></body></html>